Using pre-set license
Built from '2020.3/staging' branch; Version is '2020.3.3f1 (76626098c1c4) revision 7758432'; Using compiler version '192528614'; Build Type 'Release'
OS: 'Windows 10 Pro; OS build 18363.1440; Version 1909; 64bit' Language: 'en' Physical Memory: 32699 MB
BatchMode: 1, IsHumanControllingUs: 0, StartBugReporterOnCrash: 0, Is64bit: 1, IsPro: 0

 COMMAND LINE ARGUMENTS:
C:\Program Files\Unity\Hub\Editor\2020.3.3f1\Editor\Unity.exe
-adb2
-batchMode
-noUpm
-name
AssetImportWorker0
-projectPath
C:/Users/Ryan/Documents/GitHub/Noob-Space-Shooter
-logFile
Logs/AssetImportWorker0.log
-srvPort
63274
Successfully changed project path to: C:/Users/Ryan/Documents/GitHub/Noob-Space-Shooter
C:/Users/Ryan/Documents/GitHub/Noob-Space-Shooter
Using Asset Import Pipeline V2.
Refreshing native plugins compatible for Editor in 64.73 ms, found 1 plugins.
Preloading 0 native plugins for Editor in 0.00 ms.
Initialize engine version: 2020.3.3f1 (76626098c1c4)
[Subsystems] Discovering subsystems at path C:/Program Files/Unity/Hub/Editor/2020.3.3f1/Editor/Data/Resources/UnitySubsystems
[Subsystems] Discovering subsystems at path C:/Users/Ryan/Documents/GitHub/Noob-Space-Shooter/Assets
GfxDevice: creating device client; threaded=0
Direct3D:
    Version:  Direct3D 11.0 [level 11.1]
    Renderer: NVIDIA GeForce RTX 2060 SUPER (ID=0x1f06)
    Vendor:   
    VRAM:     8031 MB
    Driver:   27.21.14.6192
Initialize mono
Mono path[0] = 'C:/Program Files/Unity/Hub/Editor/2020.3.3f1/Editor/Data/Managed'
Mono path[1] = 'C:/Program Files/Unity/Hub/Editor/2020.3.3f1/Editor/Data/MonoBleedingEdge/lib/mono/unityjit'
Mono config path = 'C:/Program Files/Unity/Hub/Editor/2020.3.3f1/Editor/Data/MonoBleedingEdge/etc'
Using monoOptions --debugger-agent=transport=dt_socket,embedding=1,server=y,suspend=n,address=127.0.0.1:56208
Begin MonoManager ReloadAssembly
Registering precompiled unity dll's ...
Register platform support module: C:/Program Files/Unity/Hub/Editor/2020.3.3f1/Editor/Data/PlaybackEngines/WebGLSupport/UnityEditor.WebGL.Extensions.dll
Register platform support module: C:/Program Files/Unity/Hub/Editor/2020.3.3f1/Editor/Data/PlaybackEngines/WindowsStandaloneSupport/UnityEditor.WindowsStandalone.Extensions.dll
Registered in 0.001628 seconds.
Native extension for WindowsStandalone target not found
Native extension for WebGL target not found
Refreshing native plugins compatible for Editor in 50.60 ms, found 1 plugins.
Preloading 0 native plugins for Editor in 0.00 ms.
Invoked RoslynAnalysisRunner static constructor.
RoslynAnalysisRunner will not be running.
RoslynAnalysisRunner has terminated.
Mono: successfully reloaded assembly
- Completed reload, in  1.456 seconds
Platform modules already initialized, skipping
Registering precompiled user dll's ...
Registered in 0.002193 seconds.
Begin MonoManager ReloadAssembly
Native extension for WindowsStandalone target not found
Native extension for WebGL target not found
Refreshing native plugins compatible for Editor in 51.51 ms, found 1 plugins.
Preloading 0 native plugins for Editor in 0.00 ms.
Invoked RoslynAnalysisRunner static constructor.
RoslynAnalysisRunner will not be running.
RoslynAnalysisRunner has terminated.
Mono: successfully reloaded assembly
- Completed reload, in  0.859 seconds
Platform modules already initialized, skipping
========================================================================
Worker process is ready to serve import requests
Launched and connected shader compiler UnityShaderCompiler.exe after 0.05 seconds
Refreshing native plugins compatible for Editor in 0.55 ms, found 1 plugins.
Preloading 0 native plugins for Editor in 0.00 ms.
Unloading 2164 Unused Serialized files (Serialized files now loaded: 0)
System memory in use before: 113.2 MB.
System memory in use after: 113.1 MB.

Unloading 43 unused Assets to reduce memory usage. Loaded Objects now: 2608.
Total: 1.907400 ms (FindLiveObjects: 0.215100 ms CreateObjectMapping: 0.148300 ms MarkObjects: 1.425100 ms  DeleteObjects: 0.117700 ms)

========================================================================
Received Import Request.
  path: Assets/Scripts/MainMenu.cs
  artifactKey: Guid(af7324cac15458346b6e39cd1b0a6699) Importer(815301076,1909f56bfc062723c751e8b465ee728b)
Start importing Assets/Scripts/MainMenu.cs using Guid(af7324cac15458346b6e39cd1b0a6699) Importer(815301076,1909f56bfc062723c751e8b465ee728b)  -> (artifact id: '0bc5995548fd0a16d8e421c8b8937038') in 0.020411 seconds
  Import took 0.023513 seconds .

========================================================================
Received Prepare
Registering precompiled user dll's ...
Registered in 0.001781 seconds.
Begin MonoManager ReloadAssembly
Native extension for WindowsStandalone target not found
Native extension for WebGL target not found
Refreshing native plugins compatible for Editor in 0.61 ms, found 1 plugins.
Preloading 0 native plugins for Editor in 0.00 ms.
Invoked RoslynAnalysisRunner static constructor.
RoslynAnalysisRunner will not be running.
RoslynAnalysisRunner has terminated.
Mono: successfully reloaded assembly
- Completed reload, in  0.788 seconds
Platform modules already initialized, skipping
Refreshing native plugins compatible for Editor in 0.48 ms, found 1 plugins.
Preloading 0 native plugins for Editor in 0.00 ms.
Unloading 2131 Unused Serialized files (Serialized files now loaded: 0)
System memory in use before: 110.4 MB.
System memory in use after: 110.4 MB.

Unloading 32 unused Assets to reduce memory usage. Loaded Objects now: 2612.
Total: 1.849300 ms (FindLiveObjects: 0.175500 ms CreateObjectMapping: 0.083700 ms MarkObjects: 1.474600 ms  DeleteObjects: 0.114500 ms)

========================================================================
Received Prepare
Registering precompiled user dll's ...
Registered in 0.001793 seconds.
Begin MonoManager ReloadAssembly
Native extension for WindowsStandalone target not found
Native extension for WebGL target not found
Refreshing native plugins compatible for Editor in 0.49 ms, found 1 plugins.
Preloading 0 native plugins for Editor in 0.00 ms.
Invoked RoslynAnalysisRunner static constructor.
RoslynAnalysisRunner will not be running.
RoslynAnalysisRunner has terminated.
Mono: successfully reloaded assembly
- Completed reload, in  0.740 seconds
Platform modules already initialized, skipping
Refreshing native plugins compatible for Editor in 0.58 ms, found 1 plugins.
Preloading 0 native plugins for Editor in 0.00 ms.
Unloading 2131 Unused Serialized files (Serialized files now loaded: 0)
System memory in use before: 110.5 MB.
System memory in use after: 110.4 MB.

Unloading 32 unused Assets to reduce memory usage. Loaded Objects now: 2616.
Total: 1.817800 ms (FindLiveObjects: 0.209400 ms CreateObjectMapping: 0.100800 ms MarkObjects: 1.404400 ms  DeleteObjects: 0.101800 ms)

========================================================================
Received Import Request.
  Time since last request: 329.605398 seconds.
  path: Assets/Scripts/UIManager.cs
  artifactKey: Guid(917cccddfb04b9a45915cde8f04bedde) Importer(815301076,1909f56bfc062723c751e8b465ee728b)
Start importing Assets/Scripts/UIManager.cs using Guid(917cccddfb04b9a45915cde8f04bedde) Importer(815301076,1909f56bfc062723c751e8b465ee728b)  -> (artifact id: '2be576087e16bae71e4bcdec245fed37') in 0.006257 seconds
  Import took 0.008910 seconds .

========================================================================
Received Prepare
Registering precompiled user dll's ...
Registered in 0.002504 seconds.
Begin MonoManager ReloadAssembly
Native extension for WindowsStandalone target not found
Native extension for WebGL target not found
Refreshing native plugins compatible for Editor in 0.50 ms, found 1 plugins.
Preloading 0 native plugins for Editor in 0.00 ms.
Invoked RoslynAnalysisRunner static constructor.
RoslynAnalysisRunner will not be running.
RoslynAnalysisRunner has terminated.
Mono: successfully reloaded assembly
- Completed reload, in  0.796 seconds
Platform modules already initialized, skipping
Refreshing native plugins compatible for Editor in 0.97 ms, found 1 plugins.
Preloading 0 native plugins for Editor in 0.00 ms.
Unloading 2131 Unused Serialized files (Serialized files now loaded: 0)
System memory in use before: 110.5 MB.
System memory in use after: 110.5 MB.

Unloading 32 unused Assets to reduce memory usage. Loaded Objects now: 2620.
Total: 3.716500 ms (FindLiveObjects: 0.410300 ms CreateObjectMapping: 0.173700 ms MarkObjects: 2.968100 ms  DeleteObjects: 0.162200 ms)

========================================================================
Received Import Request.
  Time since last request: 392.125681 seconds.
  path: Assets/Animations/Main Camera.controller
  artifactKey: Guid(335e2551280b48942921d1492d370954) Importer(815301076,1909f56bfc062723c751e8b465ee728b)
Start importing Assets/Animations/Main Camera.controller using Guid(335e2551280b48942921d1492d370954) Importer(815301076,1909f56bfc062723c751e8b465ee728b)  -> (artifact id: 'f0a446b2508f91db189a3869cff0850b') in 0.022413 seconds
  Import took 0.026255 seconds .

========================================================================
Received Import Request.
  Time since last request: 89.106718 seconds.
  path: Assets/Animations/camera_idle.anim
  artifactKey: Guid(dbe90d87a8294b948b70c463df5999f1) Importer(815301076,1909f56bfc062723c751e8b465ee728b)
Start importing Assets/Animations/camera_idle.anim using Guid(dbe90d87a8294b948b70c463df5999f1) Importer(815301076,1909f56bfc062723c751e8b465ee728b)  -> (artifact id: 'dbaeb3fd449a89fbc0fc7c0dcd725f46') in 0.007736 seconds
  Import took 0.011738 seconds .

========================================================================
Received Import Request.
  Time since last request: 0.005498 seconds.
  path: Assets/Animations/camera_idle.anim
  artifactKey: Guid(dbe90d87a8294b948b70c463df5999f1) Importer(815301076,1909f56bfc062723c751e8b465ee728b)
Start importing Assets/Animations/camera_idle.anim using Guid(dbe90d87a8294b948b70c463df5999f1) Importer(815301076,1909f56bfc062723c751e8b465ee728b)  -> (artifact id: 'dbaeb3fd449a89fbc0fc7c0dcd725f46') in 0.002372 seconds
  Import took 0.005576 seconds .

========================================================================
Received Import Request.
  Time since last request: 20.658128 seconds.
  path: Assets/Animations/camera_shake.anim
  artifactKey: Guid(dbe90d87a8294b948b70c463df5999f1) Importer(815301076,1909f56bfc062723c751e8b465ee728b)
Start importing Assets/Animations/camera_shake.anim using Guid(dbe90d87a8294b948b70c463df5999f1) Importer(815301076,1909f56bfc062723c751e8b465ee728b)  -> (artifact id: '4d2e7de1f2e56bbd7deea4de14c0247e') in 0.005446 seconds
  Import took 0.008265 seconds .

========================================================================
Received Import Request.
  Time since last request: 3.829141 seconds.
  path: Assets/Animations/Enemy_Destroyed.controller
  artifactKey: Guid(e880f3cbb5ec7b743aeabcfa8f92a838) Importer(815301076,1909f56bfc062723c751e8b465ee728b)
Start importing Assets/Animations/Enemy_Destroyed.controller using Guid(e880f3cbb5ec7b743aeabcfa8f92a838) Importer(815301076,1909f56bfc062723c751e8b465ee728b)  -> (artifact id: 'cdbcb373bf248a79031a6187eb27c100') in 0.006486 seconds
  Import took 0.009571 seconds .

========================================================================
Received Import Request.
  Time since last request: 14.893766 seconds.
  path: Assets/Animations/EngineFire_Left.controller
  artifactKey: Guid(78eb226f0bb95474d9b5a8011825ef6c) Importer(815301076,1909f56bfc062723c751e8b465ee728b)
Start importing Assets/Animations/EngineFire_Left.controller using Guid(78eb226f0bb95474d9b5a8011825ef6c) Importer(815301076,1909f56bfc062723c751e8b465ee728b)  -> (artifact id: '91cd6be543bae6bdf53dc5aabc3a7f84') in 0.005508 seconds
  Import took 0.008538 seconds .

========================================================================
Received Import Request.
  Time since last request: 32.772778 seconds.
  path: Assets/Animations/camera_shake_anim.controller
  artifactKey: Guid(335e2551280b48942921d1492d370954) Importer(815301076,1909f56bfc062723c751e8b465ee728b)
Start importing Assets/Animations/camera_shake_anim.controller using Guid(335e2551280b48942921d1492d370954) Importer(815301076,1909f56bfc062723c751e8b465ee728b)  -> (artifact id: 'f33697b6d4d3ab2a4a9a22adb254933b') in 0.006310 seconds
  Import took 0.009669 seconds .

========================================================================
Received Prepare
Registering precompiled user dll's ...
Registered in 0.002948 seconds.
Begin MonoManager ReloadAssembly
Native extension for WindowsStandalone target not found
Native extension for WebGL target not found
Refreshing native plugins compatible for Editor in 0.80 ms, found 1 plugins.
Preloading 0 native plugins for Editor in 0.00 ms.
Invoked RoslynAnalysisRunner static constructor.
RoslynAnalysisRunner will not be running.
RoslynAnalysisRunner has terminated.
Mono: successfully reloaded assembly
- Completed reload, in  0.747 seconds
Platform modules already initialized, skipping
Refreshing native plugins compatible for Editor in 0.48 ms, found 1 plugins.
Preloading 0 native plugins for Editor in 0.00 ms.
Unloading 2131 Unused Serialized files (Serialized files now loaded: 0)
System memory in use before: 110.6 MB.
System memory in use after: 110.6 MB.

Unloading 32 unused Assets to reduce memory usage. Loaded Objects now: 2624.
Total: 2.211400 ms (FindLiveObjects: 0.207600 ms CreateObjectMapping: 0.108500 ms MarkObjects: 1.769000 ms  DeleteObjects: 0.125100 ms)

========================================================================
Received Prepare
Registering precompiled user dll's ...
Registered in 0.001900 seconds.
Begin MonoManager ReloadAssembly
Native extension for WindowsStandalone target not found
Native extension for WebGL target not found
Refreshing native plugins compatible for Editor in 0.53 ms, found 1 plugins.
Preloading 0 native plugins for Editor in 0.00 ms.
Invoked RoslynAnalysisRunner static constructor.
RoslynAnalysisRunner will not be running.
RoslynAnalysisRunner has terminated.
Mono: successfully reloaded assembly
- Completed reload, in  0.775 seconds
Platform modules already initialized, skipping
Refreshing native plugins compatible for Editor in 0.52 ms, found 1 plugins.
Preloading 0 native plugins for Editor in 0.00 ms.
Unloading 2131 Unused Serialized files (Serialized files now loaded: 0)
System memory in use before: 110.6 MB.
System memory in use after: 110.6 MB.

Unloading 32 unused Assets to reduce memory usage. Loaded Objects now: 2628.
Total: 2.208600 ms (FindLiveObjects: 0.214500 ms CreateObjectMapping: 0.092300 ms MarkObjects: 1.789000 ms  DeleteObjects: 0.111600 ms)

========================================================================
Received Import Request.
  Time since last request: 126.698903 seconds.
  path: Assets/Animations/camera_shake_anim.controller
  artifactKey: Guid(335e2551280b48942921d1492d370954) Importer(815301076,1909f56bfc062723c751e8b465ee728b)
Start importing Assets/Animations/camera_shake_anim.controller using Guid(335e2551280b48942921d1492d370954) Importer(815301076,1909f56bfc062723c751e8b465ee728b)  -> (artifact id: 'ed833c5cac50b77ba65aa24d7ff7fa16') in 0.009913 seconds
  Import took 0.015142 seconds .

========================================================================
Received Import Request.
  Time since last request: 6.951548 seconds.
  path: Assets/Animations/camera_shake.anim
  artifactKey: Guid(dbe90d87a8294b948b70c463df5999f1) Importer(815301076,1909f56bfc062723c751e8b465ee728b)
Start importing Assets/Animations/camera_shake.anim using Guid(dbe90d87a8294b948b70c463df5999f1) Importer(815301076,1909f56bfc062723c751e8b465ee728b)  -> (artifact id: 'ea9553bb7ba4fa2e29f354c1fe0215e4') in 0.003314 seconds
  Import took 0.007676 seconds .

========================================================================
Received Import Request.
  Time since last request: 0.004393 seconds.
  path: Assets/Animations/camera_shake.anim
  artifactKey: Guid(dbe90d87a8294b948b70c463df5999f1) Importer(815301076,1909f56bfc062723c751e8b465ee728b)
Start importing Assets/Animations/camera_shake.anim using Guid(dbe90d87a8294b948b70c463df5999f1) Importer(815301076,1909f56bfc062723c751e8b465ee728b)  -> (artifact id: 'ea9553bb7ba4fa2e29f354c1fe0215e4') in 0.001922 seconds
  Import took 0.004592 seconds .

========================================================================
Received Prepare
Registering precompiled user dll's ...
Registered in 0.001871 seconds.
Begin MonoManager ReloadAssembly
Native extension for WindowsStandalone target not found
Native extension for WebGL target not found
Refreshing native plugins compatible for Editor in 0.48 ms, found 1 plugins.
Preloading 0 native plugins for Editor in 0.00 ms.
Invoked RoslynAnalysisRunner static constructor.
RoslynAnalysisRunner will not be running.
RoslynAnalysisRunner has terminated.
Mono: successfully reloaded assembly
- Completed reload, in  0.754 seconds
Platform modules already initialized, skipping
Refreshing native plugins compatible for Editor in 0.56 ms, found 1 plugins.
Preloading 0 native plugins for Editor in 0.00 ms.
Unloading 2131 Unused Serialized files (Serialized files now loaded: 0)
System memory in use before: 110.6 MB.
System memory in use after: 110.6 MB.

Unloading 32 unused Assets to reduce memory usage. Loaded Objects now: 2632.
Total: 1.766600 ms (FindLiveObjects: 0.160100 ms CreateObjectMapping: 0.067800 ms MarkObjects: 1.435300 ms  DeleteObjects: 0.102700 ms)

========================================================================
Received Import Request.
  Time since last request: 11.526897 seconds.
  path: Assets/Animations/camera_shake.anim
  artifactKey: Guid(dbe90d87a8294b948b70c463df5999f1) Importer(815301076,1909f56bfc062723c751e8b465ee728b)
Start importing Assets/Animations/camera_shake.anim using Guid(dbe90d87a8294b948b70c463df5999f1) Importer(815301076,1909f56bfc062723c751e8b465ee728b)  -> (artifact id: 'c25765573e87aff015ac009e0f59230b') in 0.012965 seconds
  Import took 0.017790 seconds .

========================================================================
Received Prepare
Registering precompiled user dll's ...
Registered in 0.001780 seconds.
Begin MonoManager ReloadAssembly
Native extension for WindowsStandalone target not found
Native extension for WebGL target not found
Refreshing native plugins compatible for Editor in 0.66 ms, found 1 plugins.
Preloading 0 native plugins for Editor in 0.00 ms.
Invoked RoslynAnalysisRunner static constructor.
RoslynAnalysisRunner will not be running.
RoslynAnalysisRunner has terminated.
Mono: successfully reloaded assembly
- Completed reload, in  0.739 seconds
Platform modules already initialized, skipping
Refreshing native plugins compatible for Editor in 0.47 ms, found 1 plugins.
Preloading 0 native plugins for Editor in 0.00 ms.
Unloading 2131 Unused Serialized files (Serialized files now loaded: 0)
System memory in use before: 110.6 MB.
System memory in use after: 110.6 MB.

Unloading 32 unused Assets to reduce memory usage. Loaded Objects now: 2636.
Total: 2.142800 ms (FindLiveObjects: 0.203700 ms CreateObjectMapping: 0.091700 ms MarkObjects: 1.739000 ms  DeleteObjects: 0.107100 ms)

========================================================================
Received Prepare
Registering precompiled user dll's ...
Registered in 0.001833 seconds.
Begin MonoManager ReloadAssembly
Native extension for WindowsStandalone target not found
Native extension for WebGL target not found
Refreshing native plugins compatible for Editor in 0.53 ms, found 1 plugins.
Preloading 0 native plugins for Editor in 0.00 ms.
Invoked RoslynAnalysisRunner static constructor.
RoslynAnalysisRunner will not be running.
RoslynAnalysisRunner has terminated.
Mono: successfully reloaded assembly
- Completed reload, in  0.729 seconds
Platform modules already initialized, skipping
Refreshing native plugins compatible for Editor in 0.53 ms, found 1 plugins.
Preloading 0 native plugins for Editor in 0.00 ms.
Unloading 2131 Unused Serialized files (Serialized files now loaded: 0)
System memory in use before: 110.6 MB.
System memory in use after: 110.6 MB.

Unloading 32 unused Assets to reduce memory usage. Loaded Objects now: 2640.
Total: 2.131700 ms (FindLiveObjects: 0.268000 ms CreateObjectMapping: 0.115600 ms MarkObjects: 1.637100 ms  DeleteObjects: 0.109500 ms)

